c:\users\clément martins\documents\code\c++\splendor_duel\splendorduel\x64\debug\board.obj
c:\users\clément martins\documents\code\c++\splendor_duel\splendorduel\x64\debug\drawpile.obj
c:\users\clément martins\documents\code\c++\splendor_duel\splendorduel\x64\debug\bag.obj
c:\users\clément martins\documents\code\c++\splendor_duel\splendorduel\x64\debug\remplirboardui.obj
c:\users\clément martins\documents\code\c++\splendor_duel\splendorduel\x64\debug\gemmesui.obj
c:\users\clément martins\documents\code\c++\splendor_duel\splendorduel\x64\debug\boardui.obj
c:\users\clément martins\documents\code\c++\splendor_duel\splendorduel\x64\debug\image.obj
c:\users\clément martins\documents\code\c++\splendor_duel\splendorduel\x64\debug\card.obj
c:\users\clément martins\documents\code\c++\splendor_duel\splendorduel\x64\debug\gamehandler.obj
c:\users\clément martins\documents\code\c++\splendor_duel\splendorduel\x64\debug\gemmes.obj
c:\users\clément martins\documents\code\c++\splendor_duel\splendorduel\x64\debug\completeboardui.obj
c:\users\clément martins\documents\code\c++\splendor_duel\splendorduel\x64\debug\privilegehandler.obj
c:\users\clément martins\documents\code\c++\splendor_duel\splendorduel\x64\debug\rules.obj
c:\users\clément martins\documents\code\c++\splendor_duel\splendorduel\x64\debug\playergemsui.obj
c:\users\clément martins\documents\code\c++\splendor_duel\splendorduel\x64\debug\gamefactory.obj
c:\users\clément martins\documents\code\c++\splendor_duel\splendorduel\x64\debug\main.obj
c:\users\clément martins\documents\code\c++\splendor_duel\splendorduel\x64\debug\splendorduel.obj
c:\users\clément martins\documents\code\c++\splendor_duel\splendorduel\x64\debug\playersui.obj
c:\users\clément martins\documents\code\c++\splendor_duel\splendorduel\x64\debug\moc_splendorduel.obj
c:\users\clément martins\documents\code\c++\splendor_duel\splendorduel\x64\debug\moc_remplirboardui.obj
c:\users\clément martins\documents\code\c++\splendor_duel\splendorduel\x64\debug\moc_gemmesui.obj
c:\users\clément martins\documents\code\c++\splendor_duel\splendorduel\x64\debug\moc_boardui.obj
c:\users\clément martins\documents\code\c++\splendor_duel\splendorduel\x64\debug\moc_playergemsui.obj
c:\users\clément martins\documents\code\c++\splendor_duel\splendorduel\x64\debug\moc_completeboardui.obj
c:\users\clément martins\documents\code\c++\splendor_duel\splendorduel\x64\debug\moc_playersui.obj
c:\users\clément martins\documents\code\c++\splendor_duel\splendorduel\x64\debug\player.obj
c:\users\clément martins\documents\code\c++\splendor_duel\splendorduel\x64\debug\qrc_splendorduel.obj
c:\users\clément martins\documents\code\c++\splendor_duel\splendorduel\x64\debug\playernameui.obj
c:\users\clément martins\documents\code\c++\splendor_duel\splendorduel\x64\debug\moc_playernameui.obj
c:\users\clément martins\documents\code\c++\splendor_duel\splendorduel\x64\debug\cardui.obj
c:\users\clément martins\documents\code\c++\splendor_duel\splendorduel\x64\debug\moc_cardui.obj
c:\users\clément martins\documents\code\c++\splendor_duel\splendorduel\x64\debug\playercardui.obj
c:\users\clément martins\documents\code\c++\splendor_duel\splendorduel\x64\debug\moc_playercardui.obj
c:\users\clément martins\documents\code\c++\splendor_duel\splendorduel\x64\debug\boardcard.obj
c:\users\clément martins\documents\code\c++\splendor_duel\splendorduel\x64\debug\moc_boardcard.obj
c:\users\clément martins\documents\code\c++\splendor_duel\splendorduel\x64\debug\playerpoints.obj
c:\users\clément martins\documents\code\c++\splendor_duel\splendorduel\x64\debug\personnageboardui.obj
c:\users\clément martins\documents\code\c++\splendor_duel\splendorduel\x64\debug\xmlreader.obj
c:\users\clément martins\documents\code\c++\splendor_duel\splendorduel\x64\debug\moc_personnageboardui.obj
c:\users\clément martins\documents\code\c++\splendor_duel\splendorduel\x64\debug\moc_playerpoints.obj
c:\users\clément martins\documents\code\c++\splendor_duel\splendorduel\x64\debug\privilegeboardui.obj
c:\users\clément martins\documents\code\c++\splendor_duel\splendorduel\x64\debug\backgroundwidgetui.obj
c:\users\clément martins\documents\code\c++\splendor_duel\splendorduel\x64\debug\vc143.pdb
c:\users\clément martins\documents\code\c++\splendor_duel\x64\debug\splendorduel.exe
c:\users\clément martins\documents\code\c++\splendor_duel\x64\debug\splendorduel.ilk
c:\users\clément martins\documents\code\c++\splendor_duel\x64\debug\splendorduel.pdb
c:\users\clément martins\documents\code\c++\splendor_duel\splendorduel\x64\debug\moc\moc_splendorduel.cpp
c:\users\clément martins\documents\code\c++\splendor_duel\splendorduel\x64\debug\moc\moc_remplirboardui.cpp
c:\users\clément martins\documents\code\c++\splendor_duel\splendorduel\x64\debug\moc\moc_completeboardui.cpp
c:\users\clément martins\documents\code\c++\splendor_duel\splendorduel\x64\debug\moc\moc_cardui.cpp
c:\users\clément martins\documents\code\c++\splendor_duel\splendorduel\x64\debug\moc\moc_boardcard.cpp
c:\users\clément martins\documents\code\c++\splendor_duel\splendorduel\x64\debug\moc\moc_playergemsui.cpp
c:\users\clément martins\documents\code\c++\splendor_duel\splendorduel\x64\debug\moc\moc_playersui.cpp
c:\users\clément martins\documents\code\c++\splendor_duel\splendorduel\x64\debug\moc\moc_personnageboardui.cpp
c:\users\clément martins\documents\code\c++\splendor_duel\splendorduel\x64\debug\moc\moc_playernameui.cpp
c:\users\clément martins\documents\code\c++\splendor_duel\splendorduel\x64\debug\moc\moc_playercardui.cpp
c:\users\clément martins\documents\code\c++\splendor_duel\splendorduel\x64\debug\moc\moc_playerpoints.cpp
c:\users\clément martins\documents\code\c++\splendor_duel\splendorduel\x64\debug\moc\moc_boardui.cpp
c:\users\clément martins\documents\code\c++\splendor_duel\splendorduel\x64\debug\moc\moc_gemmesui.cpp
c:\users\clément martins\documents\code\c++\splendor_duel\splendorduel\x64\debug\splendorduel.res
c:\users\clément martins\documents\code\c++\splendor_duel\splendorduel\x64\debug\rcc\qrc_splendorduel.cpp
c:\users\clément martins\documents\code\c++\splendor_duel\splendorduel\x64\debug\uic\ui_splendorduel.h
c:\users\clément martins\documents\code\c++\splendor_duel\splendorduel\x64\debug\cardeffect.obj
c:\users\clément martins\documents\code\c++\splendor_duel\splendorduel\x64\debug\cardeffectplayagain.obj
c:\users\clément martins\documents\code\c++\splendor_duel\splendorduel\x64\debug\cardeffecttakeprivilege.obj
c:\users\clément martins\documents\code\c++\splendor_duel\splendorduel\x64\debug\styledecorator.obj
c:\users\clément martins\documents\code\c++\splendor_duel\splendorduel\x64\debug\splendorduel.tlog\cl.command.1.tlog
c:\users\clément martins\documents\code\c++\splendor_duel\splendorduel\x64\debug\splendorduel.tlog\cl.items.tlog
c:\users\clément martins\documents\code\c++\splendor_duel\splendorduel\x64\debug\splendorduel.tlog\cl.read.1.tlog
c:\users\clément martins\documents\code\c++\splendor_duel\splendorduel\x64\debug\splendorduel.tlog\cl.write.1.tlog
c:\users\clément martins\documents\code\c++\splendor_duel\splendorduel\x64\debug\splendorduel.tlog\link.command.1.tlog
c:\users\clément martins\documents\code\c++\splendor_duel\splendorduel\x64\debug\splendorduel.tlog\link.read.1.tlog
c:\users\clément martins\documents\code\c++\splendor_duel\splendorduel\x64\debug\splendorduel.tlog\link.write.1.tlog
c:\users\clément martins\documents\code\c++\splendor_duel\splendorduel\x64\debug\splendorduel.tlog\moc.read.1u.tlog
c:\users\clément martins\documents\code\c++\splendor_duel\splendorduel\x64\debug\splendorduel.tlog\moc.write.1u.tlog
c:\users\clément martins\documents\code\c++\splendor_duel\splendorduel\x64\debug\splendorduel.tlog\rc.command.1.tlog
c:\users\clément martins\documents\code\c++\splendor_duel\splendorduel\x64\debug\splendorduel.tlog\rc.read.1.tlog
c:\users\clément martins\documents\code\c++\splendor_duel\splendorduel\x64\debug\splendorduel.tlog\rc.write.1.tlog
c:\users\clément martins\documents\code\c++\splendor_duel\splendorduel\x64\debug\splendorduel.tlog\rcc.read.1u.tlog
c:\users\clément martins\documents\code\c++\splendor_duel\splendorduel\x64\debug\splendorduel.tlog\rcc.write.1u.tlog
c:\users\clément martins\documents\code\c++\splendor_duel\splendorduel\x64\debug\splendorduel.tlog\splendorduel.write.1u.tlog
c:\users\clément martins\documents\code\c++\splendor_duel\splendorduel\x64\debug\splendorduel.tlog\uic.read.1u.tlog
c:\users\clément martins\documents\code\c++\splendor_duel\splendorduel\x64\debug\splendorduel.tlog\uic.write.1u.tlog
